# JRE version: OpenJDK Runtime Environment Temurin-21.0.10+7 (21.0.10+7) (build 21.0.10+7-LTS)
# Java VM: OpenJDK 64-Bit Server VM Temurin-21.0.10+7 (21.0.10+7-LTS, mixed mode, sharing, tiered, compressed oops, compressed class ptrs, parallel gc, linux-amd64)
GC Precious Log:
 CardTable entry size: 512
 CPUs: 4 total, 4 available
 Memory: 3351M
 Large Page Support: Disabled
 NUMA Support: Disabled
 Compressed Oops: Enabled (32-bit)
 Alignments: Space 512K, Generation 512K, Heap 2M
 Heap Min Capacity: 100M
 Heap Initial Capacity: 100M
 Heap Max Capacity: 2G
 Pre-touch: Disabled
 Parallel Workers: 4
Heap:
 PSYoungGen      total 69632K, used 24635K [0x00000000d5580000, 0x00000000dad00000, 0x0000000100000000)
  eden space 67584K, 33% used [0x00000000d5580000,0x00000000d6beda88,0x00000000d9780000)
  from space 2048K, 81% used [0x00000000dab00000,0x00000000daca1370,0x00000000dad00000)
  to   space 2048K, 0% used [0x00000000da900000,0x00000000da900000,0x00000000dab00000)
 ParOldGen       total 865792K, used 551584K [0x0000000080000000, 0x00000000b4d80000, 0x00000000d5580000)
  object space 865792K, 63% used [0x0000000080000000,0x00000000a1aa80a8,0x00000000b4d80000)
 Metaspace       used 47104K, committed 48640K, reserved 1114112K
  class space    used 3632K, committed 4352K, reserved 1048576K
GC Heap History (20 events):
Event: 6678.985 GC heap before
{Heap before GC invocations=1557 (full 6):
 PSYoungGen      total 68608K, used 68576K [0x00000000d5580000, 0x00000000dab80000, 0x0000000100000000)
  eden space 68096K, 100% used [0x00000000d5580000,0x00000000d9800000,0x00000000d9800000)
  from space 512K, 93% used [0x00000000dab00000,0x00000000dab78020,0x00000000dab80000)
  to   space 3072K, 0% used [0x00000000da580000,0x00000000da580000,0x00000000da880000)
 ParOldGen       total 865792K, used 523214K [0x0000000080000000, 0x00000000b4d80000, 0x00000000d5580000)
  object space 865792K, 60% used [0x0000000080000000,0x000000009fef3918,0x00000000b4d80000)
 Metaspace       used 47041K, committed 48576K, reserved 1114112K
  class space    used 3632K, committed 4352K, reserved 1048576K
}
Event: 6679.042 GC heap after
{Heap after GC invocations=1557 (full 6):
 PSYoungGen      total 69120K, used 2057K [0x00000000d5580000, 0x00000000dab80000, 0x0000000100000000)
  eden space 66048K, 0% used [0x00000000d5580000,0x00000000d5580000,0x00000000d9600000)
  from space 3072K, 66% used [0x00000000da580000,0x00000000da782420,0x00000000da880000)
  to   space 2560K, 0% used [0x00000000da900000,0x00000000da900000,0x00000000dab80000)
 ParOldGen       total 865792K, used 523689K [0x0000000080000000, 0x00000000b4d80000, 0x00000000d5580000)
  object space 865792K, 60% used [0x0000000080000000,0x000000009ff6a630,0x00000000b4d80000)
 Metaspace       used 47041K, committed 48576K, reserved 1114112K
  class space    used 3632K, committed 4352K, reserved 1048576K
}
Event: 6680.150 GC heap before
{Heap before GC invocations=1558 (full 6):
 PSYoungGen      total 69120K, used 68105K [0x00000000d5580000, 0x00000000dab80000, 0x0000000100000000)
  eden space 66048K, 100% used [0x00000000d5580000,0x00000000d9600000,0x00000000d9600000)
  from space 3072K, 66% used [0x00000000da580000,0x00000000da782420,0x00000000da880000)
  to   space 2560K, 0% used [0x00000000da900000,0x00000000da900000,0x00000000dab80000)
 ParOldGen       total 865792K, used 523689K [0x0000000080000000, 0x00000000b4d80000, 0x00000000d5580000)
  object space 865792K, 60% used [0x0000000080000000,0x000000009ff6a630,0x00000000b4d80000)
 Metaspace       used 47041K, committed 48576K, reserved 1114112K
  class space    used 3632K, committed 4352K, reserved 1048576K
}
Event: 6680.479 GC heap after
{Heap after GC invocations=1558 (full 6):
 PSYoungGen      total 75776K, used 2546K [0x00000000d5580000, 0x00000000dab80000, 0x0000000100000000)
  eden space 73216K, 0% used [0x00000000d5580000,0x00000000d5580000,0x00000000d9d00000)
  from space 2560K, 99% used [0x00000000da900000,0x00000000dab7c920,0x00000000dab80000)
  to   space 7168K, 0% used [0x00000000d9d80000,0x00000000d9d80000,0x00000000da480000)
 ParOldGen       total 865792K, used 527548K [0x0000000080000000, 0x00000000b4d80000, 0x00000000d5580000)
  object space 865792K, 60% used [0x0000000080000000,0x00000000a032f2b0,0x00000000b4d80000)
 Metaspace       used 47041K, committed 48576K, reserved 1114112K
  class space    used 3632K, committed 4352K, reserved 1048576K
}
Event: 6682.454 GC heap before
{Heap before GC invocations=1559 (full 6):
 PSYoungGen      total 75776K, used 75762K [0x00000000d5580000, 0x00000000dab80000, 0x0000000100000000)
  eden space 73216K, 100% used [0x00000000d5580000,0x00000000d9d00000,0x00000000d9d00000)
  from space 2560K, 99% used [0x00000000da900000,0x00000000dab7c920,0x00000000dab80000)
  to   space 7168K, 0% used [0x00000000d9d80000,0x00000000d9d80000,0x00000000da480000)
 ParOldGen       total 865792K, used 527548K [0x0000000080000000, 0x00000000b4d80000, 0x00000000d5580000)
  object space 865792K, 60% used [0x0000000080000000,0x00000000a032f2b0,0x00000000b4d80000)
 Metaspace       used 47058K, committed 48576K, reserved 1114112K
  class space    used 3632K, committed 4352K, reserved 1048576K
}
Event: 6683.547 GC heap after
{Heap after GC invocations=1559 (full 6):
 PSYoungGen      total 80896K, used 4243K [0x00000000d5580000, 0x00000000db080000, 0x0000000100000000)
  eden space 73728K, 0% used [0x00000000d5580000,0x00000000d5580000,0x00000000d9d80000)
  from space 7168K, 59% used [0x00000000d9d80000,0x00000000da1a4d50,0x00000000da480000)
  to   space 5120K, 0% used [0x00000000dab80000,0x00000000dab80000,0x00000000db080000)
 ParOldGen       total 865792K, used 530037K [0x0000000080000000, 0x00000000b4d80000, 0x00000000d5580000)
  object space 865792K, 61% used [0x0000000080000000,0x00000000a059d450,0x00000000b4d80000)
 Metaspace       used 47058K, committed 48576K, reserved 1114112K
  class space    used 3632K, committed 4352K, reserved 1048576K
}
Event: 6684.634 GC heap before
{Heap before GC invocations=1560 (full 6):
 PSYoungGen      total 80896K, used 77971K [0x00000000d5580000, 0x00000000db080000, 0x0000000100000000)
  eden space 73728K, 100% used [0x00000000d5580000,0x00000000d9d80000,0x00000000d9d80000)
  from space 7168K, 59% used [0x00000000d9d80000,0x00000000da1a4d50,0x00000000da480000)
  to   space 5120K, 0% used [0x00000000dab80000,0x00000000dab80000,0x00000000db080000)
 ParOldGen       total 865792K, used 530037K [0x0000000080000000, 0x00000000b4d80000, 0x00000000d5580000)
  object space 865792K, 61% used [0x0000000080000000,0x00000000a059d450,0x00000000b4d80000)
 Metaspace       used 47059K, committed 48576K, reserved 1114112K
  class space    used 3632K, committed 4352K, reserved 1048576K
}
Event: 6684.842 GC heap after
{Heap after GC invocations=1560 (full 6):
 PSYoungGen      total 86016K, used 2409K [0x00000000d5580000, 0x00000000dae00000, 0x0000000100000000)
  eden space 83456K, 0% used [0x00000000d5580000,0x00000000d5580000,0x00000000da700000)
  from space 2560K, 94% used [0x00000000dab80000,0x00000000dadda420,0x00000000dae00000)
  to   space 3584K, 0% used [0x00000000da700000,0x00000000da700000,0x00000000daa80000)
 ParOldGen       total 865792K, used 532366K [0x0000000080000000, 0x00000000b4d80000, 0x00000000d5580000)
  object space 865792K, 61% used [0x0000000080000000,0x00000000a07e3868,0x00000000b4d80000)
 Metaspace       used 47059K, committed 48576K, reserved 1114112K
  class space    used 3632K, committed 4352K, reserved 1048576K
}
Event: 6686.259 GC heap before
{Heap before GC invocations=1561 (full 6):
 PSYoungGen      total 86016K, used 85865K [0x00000000d5580000, 0x00000000dae00000, 0x0000000100000000)
  eden space 83456K, 100% used [0x00000000d5580000,0x00000000da700000,0x00000000da700000)
  from space 2560K, 94% used [0x00000000dab80000,0x00000000dadda420,0x00000000dae00000)
  to   space 3584K, 0% used [0x00000000da700000,0x00000000da700000,0x00000000daa80000)
 ParOldGen       total 865792K, used 532366K [0x0000000080000000, 0x00000000b4d80000, 0x00000000d5580000)
  object space 865792K, 61% used [0x0000000080000000,0x00000000a07e3868,0x00000000b4d80000)
 Metaspace       used 47063K, committed 48576K, reserved 1114112K
  class space    used 3632K, committed 4352K, reserved 1048576K
}
Event: 6686.331 GC heap after
{Heap after GC invocations=1561 (full 6):
 PSYoungGen      total 87040K, used 3581K [0x00000000d5580000, 0x00000000dbc00000, 0x0000000100000000)
  eden space 83456K, 0% used [0x00000000d5580000,0x00000000d5580000,0x00000000da700000)
  from space 3584K, 99% used [0x00000000da700000,0x00000000daa7f640,0x00000000daa80000)
  to   space 5632K, 0% used [0x00000000db680000,0x00000000db680000,0x00000000dbc00000)
 ParOldGen       total 865792K, used 533914K [0x0000000080000000, 0x00000000b4d80000, 0x00000000d5580000)
  object space 865792K, 61% used [0x0000000080000000,0x00000000a0966800,0x00000000b4d80000)
 Metaspace       used 47063K, committed 48576K, reserved 1114112K
  class space    used 3632K, committed 4352K, reserved 1048576K
}
Event: 6700.442 GC heap before
{Heap before GC invocations=1562 (full 6):
 PSYoungGen      total 87040K, used 87037K [0x00000000d5580000, 0x00000000dbc00000, 0x0000000100000000)
  eden space 83456K, 100% used [0x00000000d5580000,0x00000000da700000,0x00000000da700000)
  from space 3584K, 99% used [0x00000000da700000,0x00000000daa7f640,0x00000000daa80000)
  to   space 5632K, 0% used [0x00000000db680000,0x00000000db680000,0x00000000dbc00000)
 ParOldGen       total 865792K, used 533914K [0x0000000080000000, 0x00000000b4d80000, 0x00000000d5580000)
  object space 865792K, 61% used [0x0000000080000000,0x00000000a0966800,0x00000000b4d80000)
 Metaspace       used 47077K, committed 48640K, reserved 1114112K
  class space    used 3632K, committed 4352K, reserved 1048576K
}
Event: 6701.810 GC heap after
{Heap after GC invocations=1562 (full 6):
 PSYoungGen      total 82432K, used 5600K [0x00000000d5580000, 0x00000000ddc80000, 0x0000000100000000)
  eden space 76800K, 0% used [0x00000000d5580000,0x00000000d5580000,0x00000000da080000)
  from space 5632K, 99% used [0x00000000db680000,0x00000000dbbf82c0,0x00000000dbc00000)
  to   space 22528K, 0% used [0x00000000da080000,0x00000000da080000,0x00000000db680000)
 ParOldGen       total 865792K, used 548051K [0x0000000080000000, 0x00000000b4d80000, 0x00000000d5580000)
  object space 865792K, 63% used [0x0000000080000000,0x00000000a1734c60,0x00000000b4d80000)
 Metaspace       used 47077K, committed 48640K, reserved 1114112K
  class space    used 3632K, committed 4352K, reserved 1048576K
}
Event: 6704.342 GC heap before
{Heap before GC invocations=1563 (full 6):
 PSYoungGen      total 82432K, used 82400K [0x00000000d5580000, 0x00000000ddc80000, 0x0000000100000000)
  eden space 76800K, 100% used [0x00000000d5580000,0x00000000da080000,0x00000000da080000)
  from space 5632K, 99% used [0x00000000db680000,0x00000000dbbf82c0,0x00000000dbc00000)
  to   space 22528K, 0% used [0x00000000da080000,0x00000000da080000,0x00000000db680000)
 ParOldGen       total 865792K, used 548051K [0x0000000080000000, 0x00000000b4d80000, 0x00000000d5580000)
  object space 865792K, 63% used [0x0000000080000000,0x00000000a1734c60,0x00000000b4d80000)
 Metaspace       used 47082K, committed 48640K, reserved 1114112K
  class space    used 3632K, committed 4352K, reserved 1048576K
}
Event: 6704.398 GC heap after
{Heap after GC invocations=1563 (full 6):
 PSYoungGen      total 78848K, used 4180K [0x00000000d5580000, 0x00000000db700000, 0x0000000100000000)
  eden space 74240K, 0% used [0x00000000d5580000,0x00000000d5580000,0x00000000d9e00000)
  from space 4608K, 90% used [0x00000000da080000,0x00000000da495240,0x00000000da500000)
  to   space 10240K, 0% used [0x00000000dad00000,0x00000000dad00000,0x00000000db700000)
 ParOldGen       total 865792K, used 548203K [0x0000000080000000, 0x00000000b4d80000, 0x00000000d5580000)
  object space 865792K, 63% used [0x0000000080000000,0x00000000a175ac70,0x00000000b4d80000)
 Metaspace       used 47082K, committed 48640K, reserved 1114112K
  class space    used 3632K, committed 4352K, reserved 1048576K
}
Event: 6936.677 GC heap before
{Heap before GC invocations=1564 (full 6):
 PSYoungGen      total 78848K, used 78420K [0x00000000d5580000, 0x00000000db700000, 0x0000000100000000)
  eden space 74240K, 100% used [0x00000000d5580000,0x00000000d9e00000,0x00000000d9e00000)
  from space 4608K, 90% used [0x00000000da080000,0x00000000da495240,0x00000000da500000)
  to   space 10240K, 0% used [0x00000000dad00000,0x00000000dad00000,0x00000000db700000)
 ParOldGen       total 865792K, used 548203K [0x0000000080000000, 0x00000000b4d80000, 0x00000000d5580000)
  object space 865792K, 63% used [0x0000000080000000,0x00000000a175ac70,0x00000000b4d80000)
 Metaspace       used 47087K, committed 48640K, reserved 1114112K
  class space    used 3632K, committed 4352K, reserved 1048576K
}
Event: 6937.438 GC heap after
{Heap after GC invocations=1564 (full 6):
 PSYoungGen      total 72704K, used 660K [0x00000000d5580000, 0x00000000dae00000, 0x0000000100000000)
  eden space 71680K, 0% used [0x00000000d5580000,0x00000000d5580000,0x00000000d9b80000)
  from space 1024K, 64% used [0x00000000dad00000,0x00000000dada5220,0x00000000dae00000)
  to   space 3072K, 0% used [0x00000000da800000,0x00000000da800000,0x00000000dab00000)
 ParOldGen       total 865792K, used 551576K [0x0000000080000000, 0x00000000b4d80000, 0x00000000d5580000)
  object space 865792K, 63% used [0x0000000080000000,0x00000000a1aa60a8,0x00000000b4d80000)
 Metaspace       used 47087K, committed 48640K, reserved 1114112K
  class space    used 3632K, committed 4352K, reserved 1048576K
}
Event: 7077.702 GC heap before
{Heap before GC invocations=1565 (full 6):
 PSYoungGen      total 72704K, used 72340K [0x00000000d5580000, 0x00000000dae00000, 0x0000000100000000)
  eden space 71680K, 100% used [0x00000000d5580000,0x00000000d9b80000,0x00000000d9b80000)
  from space 1024K, 64% used [0x00000000dad00000,0x00000000dada5220,0x00000000dae00000)
  to   space 3072K, 0% used [0x00000000da800000,0x00000000da800000,0x00000000dab00000)
 ParOldGen       total 865792K, used 551576K [0x0000000080000000, 0x00000000b4d80000, 0x00000000d5580000)
  object space 865792K, 63% used [0x0000000080000000,0x00000000a1aa60a8,0x00000000b4d80000)
 Metaspace       used 47097K, committed 48640K, reserved 1114112K
  class space    used 3632K, committed 4352K, reserved 1048576K
}
Event: 7077.899 GC heap after
{Heap after GC invocations=1565 (full 6):
 PSYoungGen      total 72704K, used 2026K [0x00000000d5580000, 0x00000000dad80000, 0x0000000100000000)
  eden space 69632K, 0% used [0x00000000d5580000,0x00000000d5580000,0x00000000d9980000)
  from space 3072K, 65% used [0x00000000da800000,0x00000000da9faa70,0x00000000dab00000)
  to   space 2560K, 0% used [0x00000000dab00000,0x00000000dab00000,0x00000000dad80000)
 ParOldGen       total 865792K, used 551584K [0x0000000080000000, 0x00000000b4d80000, 0x00000000d5580000)
  object space 865792K, 63% used [0x0000000080000000,0x00000000a1aa80a8,0x00000000b4d80000)
 Metaspace       used 47097K, committed 48640K, reserved 1114112K
  class space    used 3632K, committed 4352K, reserved 1048576K
}
Event: 7079.349 GC heap before
{Heap before GC invocations=1566 (full 6):
 PSYoungGen      total 72704K, used 71658K [0x00000000d5580000, 0x00000000dad80000, 0x0000000100000000)
  eden space 69632K, 100% used [0x00000000d5580000,0x00000000d9980000,0x00000000d9980000)
  from space 3072K, 65% used [0x00000000da800000,0x00000000da9faa70,0x00000000dab00000)
  to   space 2560K, 0% used [0x00000000dab00000,0x00000000dab00000,0x00000000dad80000)
 ParOldGen       total 865792K, used 551584K [0x0000000080000000, 0x00000000b4d80000, 0x00000000d5580000)
  object space 865792K, 63% used [0x0000000080000000,0x00000000a1aa80a8,0x00000000b4d80000)
 Metaspace       used 47104K, committed 48640K, reserved 1114112K
  class space    used 3632K, committed 4352K, reserved 1048576K
}
Event: 7079.383 GC heap after
{Heap after GC invocations=1566 (full 6):
 PSYoungGen      total 69632K, used 1668K [0x00000000d5580000, 0x00000000dad00000, 0x0000000100000000)
  eden space 67584K, 0% used [0x00000000d5580000,0x00000000d5580000,0x00000000d9780000)
  from space 2048K, 81% used [0x00000000dab00000,0x00000000daca1370,0x00000000dad00000)
  to   space 2048K, 0% used [0x00000000da900000,0x00000000da900000,0x00000000dab00000)
 ParOldGen       total 865792K, used 551584K [0x0000000080000000, 0x00000000b4d80000, 0x00000000d5580000)
  object space 865792K, 63% used [0x0000000080000000,0x00000000a1aa80a8,0x00000000b4d80000)
 Metaspace       used 47104K, committed 48640K, reserved 1114112K
  class space    used 3632K, committed 4352K, reserved 1048576K
}

